#
# A fatal error has been detected by the Java Runtime Environment:
#
#  EXCEPTION_ACCESS_VIOLATION (0xc0000005) at pc=0x0000000050b8d76b, pid=13140, tid=5744
#
# JRE version: 7.0_09-b05
# Java VM: Java HotSpot(TM) 64-Bit Server VM (23.5-b02 mixed mode windows-amd64 compressed oops)
# Problematic frame:
# V  [jvm.dll+0x11d76b]
#
# Failed to write core dump. Minidumps are not enabled by default on client versions of Windows
#
# If you would like to submit a bug report, please visit:
#   http://bugreport.sun.com/bugreport/crash.jsp
#

---------------  T H R E A D  ---------------

Current thread (0x00000000136a9800):  JavaThread "JDWP Transport Listener: dt_socket" daemon [_thread_in_vm, id=5744, stack(0x0000000014470000,0x0000000014570000)]

siginfo: ExceptionCode=0xc0000005, reading address 0xffffffffffffffff

Registers:
RAX=0x000000001456f901, RBX=0x00000000136a9800, RCX=0x003b726573726576, RDX=0x00000000136a9800
RSP=0x000000001456f970, RBP=0x003b726573726576, RSI=0x000000001456fa88, RDI=0x00000000022d8c90
R8 =0x000000001456fa88, R9 =0x00000df9001c000b, R10=0x0000000000000000, R11=0x0000000015f6e799
R12=0x0000000000000000, R13=0x0000000000000000, R14=0x0000000000000000, R15=0x0000000000000000
RIP=0x0000000050b8d76b, EFLAGS=0x0000000000010202

Top of Stack: (sp=0x000000001456f970)
0x000000001456f970:   00000000136a9800 00000000021a6910
0x000000001456f980:   000000001456fa38 0000000050d13fe9
0x000000001456f990:   00000000136a9800 0000000050d2f9b2
0x000000001456f9a0:   0000000000000000 00000000136a9800
0x000000001456f9b0:   0000000016058f98 0000000070b8264e
0x000000001456f9c0:   00000000136a9800 0000000000000000
0x000000001456f9d0:   0000000000000000 0000000000000000
0x000000001456f9e0:   003b726573726576 0000000070b81745
0x000000001456f9f0:   000000001456fa88 000000001456fa60
0x000000001456fa00:   0000000000000001 0000000016058f98
0x000000001456fa10:   003b726573726576 0000000070b653b3
0x000000001456fa20:   000000001456fb50 0000000000000001
0x000000001456fa30:   0000000000000001 0000000016058f98
0x000000001456fa40:   0000000000000009 0000000000000000
0x000000001456fa50:   0000000000000000 0000000000000000
0x000000001456fa60:   0000000000000001 0000000070b65571 

Instructions: (pc=0x0000000050b8d76b)
0x0000000050b8d74b:   48 8b 5c 24 30 48 89 47 18 48 83 c4 20 5f c3 cc
0x0000000050b8d75b:   cc cc cc cc cc 40 53 48 83 ec 20 48 85 c9 74 54
0x0000000050b8d76b:   48 8b 19 48 85 db 74 4c 48 b8 fe fe fe fe fe fe
0x0000000050b8d77b:   fe fe 48 3b d8 74 3d 80 3d 5f e5 58 00 00 74 15 


Register to memory mapping:

RAX=0x000000001456f901 is pointing into the stack for thread: 0x00000000136a9800
RBX=0x00000000136a9800 is a thread
RCX=0x003b726573726576 is an unknown value
RDX=0x00000000136a9800 is a thread
RSP=0x000000001456f970 is pointing into the stack for thread: 0x00000000136a9800
RBP=0x003b726573726576 is an unknown value
RSI=0x000000001456fa88 is pointing into the stack for thread: 0x00000000136a9800
RDI=0x00000000022d8c90 is an unknown value
R8 =0x000000001456fa88 is pointing into the stack for thread: 0x00000000136a9800
R9 =0x00000df9001c000b is an unknown value
R10=0x0000000000000000 is an unknown value
R11=0x0000000015f6e799 is an unknown value
R12=0x0000000000000000 is an unknown value
R13=0x0000000000000000 is an unknown value
R14=0x0000000000000000 is an unknown value
R15=0x0000000000000000 is an unknown value


Stack: [0x0000000014470000,0x0000000014570000],  sp=0x000000001456f970,  free space=1022k
Native frames: (J=compiled Java code, j=interpreted, Vv=VM code, C=native code)
V  [jvm.dll+0x11d76b]


---------------  P R O C E S S  ---------------

Java Threads: ( => current thread )
  0x0000000013821000 JavaThread "D3D Screen Updater" daemon [_thread_blocked, id=6892, stack(0x000000001c710000,0x000000001c810000)]
  0x0000000013821800 JavaThread "TimerQueue" daemon [_thread_blocked, id=7896, stack(0x000000001b600000,0x000000001b700000)]
  0x0000000013820000 JavaThread "Swing-Shell" daemon [_thread_blocked, id=8168, stack(0x0000000016830000,0x0000000016930000)]
  0x000000001381e800 JavaThread "DestroyJavaVM" [_thread_blocked, id=8908, stack(0x0000000002450000,0x0000000002550000)]
  0x000000001381e000 JavaThread "AWT-EventQueue-0" [_thread_blocked, id=10224, stack(0x0000000015240000,0x0000000015340000)]
  0x000000001381d000 JavaThread "AWT-Windows" daemon [_thread_in_native, id=4688, stack(0x0000000015060000,0x0000000015160000)]
  0x000000001381c800 JavaThread "AWT-Shutdown" [_thread_blocked, id=7260, stack(0x0000000014f30000,0x0000000015030000)]
  0x000000001381b800 JavaThread "Java2D Disposer" daemon [_thread_blocked, id=4728, stack(0x0000000014d50000,0x0000000014e50000)]
  0x00000000136d7000 JavaThread "Service Thread" daemon [_thread_blocked, id=5292, stack(0x0000000014ab0000,0x0000000014bb0000)]
  0x00000000136cd000 JavaThread "C2 CompilerThread1" daemon [_thread_blocked, id=13504, stack(0x0000000014570000,0x0000000014670000)]
  0x00000000136c9800 JavaThread "C2 CompilerThread0" daemon [_thread_blocked, id=13920, stack(0x0000000014250000,0x0000000014350000)]
  0x00000000136bb000 JavaThread "JDWP Command Reader" daemon [_thread_in_native, id=7400, stack(0x00000000147e0000,0x00000000148e0000)]
  0x00000000136b6000 JavaThread "JDWP Event Helper Thread" daemon [_thread_blocked, id=5428, stack(0x0000000014670000,0x0000000014770000)]
=>0x00000000136a9800 JavaThread "JDWP Transport Listener: dt_socket" daemon [_thread_in_vm, id=5744, stack(0x0000000014470000,0x0000000014570000)]
  0x00000000136a3000 JavaThread "Attach Listener" daemon [_thread_blocked, id=14016, stack(0x0000000013c30000,0x0000000013d30000)]
  0x00000000136a0000 JavaThread "Signal Dispatcher" daemon [_thread_blocked, id=12100, stack(0x0000000013420000,0x0000000013520000)]
  0x0000000011629800 JavaThread "Finalizer" daemon [_thread_blocked, id=8532, stack(0x0000000013570000,0x0000000013670000)]
  0x0000000011621000 JavaThread "Reference Handler" daemon [_thread_blocked, id=1140, stack(0x00000000132c0000,0x00000000133c0000)]

Other Threads:
  0x0000000011618000 VMThread [stack: 0x0000000013110000,0x0000000013210000] [id=2844]
  0x00000000136e1800 WatcherThread [stack: 0x0000000014920000,0x0000000014a20000] [id=12748]

VM state:not at safepoint (normal execution)

VM Mutex/Monitor currently owned by a thread: None

Heap
 PSYoungGen      total 834880K, used 170129K [0x00000007aae00000, 0x00000007df7b0000, 0x0000000800000000)
  eden space 829376K, 19% used [0x00000007aae00000,0x00000007b4ec48e8,0x00000007dd7f0000)
  from space 5504K, 99% used [0x00000007de450000,0x00000007de9afc70,0x00000007de9b0000)
  to   space 12672K, 0% used [0x00000007dd7f0000,0x00000007dd7f0000,0x00000007de450000)
 ParOldGen       total 174336K, used 43754K [0x0000000700a00000, 0x000000070b440000, 0x00000007aae00000)
  object space 174336K, 25% used [0x0000000700a00000,0x00000007034bab50,0x000000070b440000)
 PSPermGen       total 22208K, used 22061K [0x00000006fb800000, 0x00000006fcdb0000, 0x0000000700a00000)
  object space 22208K, 99% used [0x00000006fb800000,0x00000006fcd8b670,0x00000006fcdb0000)

Card table byte_map: [0x0000000005610000,0x0000000005e40000] byte_map_base: 0x0000000001e34000

Polling page: 0x0000000000120000

Code Cache  [0x0000000002550000, 0x0000000002880000, 0x0000000005550000)
 total_blobs=1286 nmethods=799 adapters=445 free_code_cache=45965Kb largest_free_block=47004992

Compilation events (10 events):
Event: 920.318 Thread 0x00000000136cd000  821             java.awt.geom.Path2D$Float::needRoom (123 bytes)
Event: 920.320 Thread 0x00000000136cd000 nmethod 821 0x0000000002867390 code [0x00000000028674e0, 0x0000000002867718]
Event: 920.365 Thread 0x00000000136c9800  822             java.util.EnumMap::get (29 bytes)
Event: 920.365 Thread 0x00000000136cd000  823             java.util.EnumMap::isValidKey (36 bytes)
Event: 920.365 Thread 0x00000000136cd000 nmethod 823 0x0000000002740a90 code [0x0000000002740bc0, 0x0000000002740c78]
Event: 920.366 Thread 0x00000000136c9800 nmethod 822 0x000000000282d150 code [0x000000000282d2a0, 0x000000000282d418]
Event: 921.504 Thread 0x00000000136cd000  824             javax.swing.text.AbstractDocument$LeafElement::getStartOffset (10 bytes)
Event: 921.505 Thread 0x00000000136cd000 nmethod 824 0x0000000002866f50 code [0x00000000028670a0, 0x00000000028671f8]
Event: 921.599 Thread 0x00000000136c9800  825             sun.java2d.loops.ProcessPath::CLIPCLAMP (99 bytes)
Event: 921.601 Thread 0x00000000136c9800 nmethod 825 0x0000000002868850 code [0x00000000028689a0, 0x0000000002868e18]

GC Heap History (10 events):
Event: 4.293 GC heap before
{Heap before GC invocations=6 (full 0):
 PSYoungGen      total 141696K, used 134754K [0x00000007aae00000, 0x00000007bb640000, 0x0000000800000000)
  eden space 130816K, 100% used [0x00000007aae00000,0x00000007b2dc0000,0x00000007b2dc0000)
  from space 10880K, 36% used [0x00000007b2dc0000,0x00000007b3198aa8,0x00000007b3860000)
  to   space 4480K, 0% used [0x00000007bb1e0000,0x00000007bb1e0000,0x00000007bb640000)
 ParOldGen       total 174336K, used 20576K [0x0000000700a00000, 0x000000070b440000, 0x00000007aae00000)
  object space 174336K, 11% used [0x0000000700a00000,0x0000000701e18030,0x000000070b440000)
 PSPermGen       total 21248K, used 19851K [0x00000006fb800000, 0x00000006fccc0000, 0x0000000700a00000)
  object space 21248K, 93% used [0x00000006fb800000,0x00000006fcb62d00,0x00000006fccc0000)
Event: 4.299 GC heap after
Heap after GC invocations=6 (full 0):
 PSYoungGen      total 266048K, used 4034K [0x00000007aae00000, 0x00000007bb660000, 0x0000000800000000)
  eden space 261568K, 0% used [0x00000007aae00000,0x00000007aae00000,0x00000007bad70000)
  from space 4480K, 90% used [0x00000007bb1e0000,0x00000007bb5d0a88,0x00000007bb640000)
  to   space 4544K, 0% used [0x00000007bad70000,0x00000007bad70000,0x00000007bb1e0000)
 ParOldGen       total 174336K, used 20584K [0x0000000700a00000, 0x000000070b440000, 0x00000007aae00000)
  object space 174336K, 11% used [0x0000000700a00000,0x0000000701e1a030,0x000000070b440000)
 PSPermGen       total 21248K, used 19851K [0x00000006fb800000, 0x00000006fccc0000, 0x0000000700a00000)
  object space 21248K, 93% used [0x00000006fb800000,0x00000006fcb62d00,0x00000006fccc0000)
}
Event: 106.886 GC heap before
{Heap before GC invocations=7 (full 0):
 PSYoungGen      total 266048K, used 265602K [0x00000007aae00000, 0x00000007bb660000, 0x0000000800000000)
  eden space 261568K, 100% used [0x00000007aae00000,0x00000007bad70000,0x00000007bad70000)
  from space 4480K, 90% used [0x00000007bb1e0000,0x00000007bb5d0a88,0x00000007bb640000)
  to   space 4544K, 0% used [0x00000007bad70000,0x00000007bad70000,0x00000007bb1e0000)
 ParOldGen       total 174336K, used 20584K [0x0000000700a00000, 0x000000070b440000, 0x00000007aae00000)
  object space 174336K, 11% used [0x0000000700a00000,0x0000000701e1a030,0x000000070b440000)
 PSPermGen       total 21248K, used 19992K [0x00000006fb800000, 0x00000006fccc0000, 0x0000000700a00000)
  object space 21248K, 94% used [0x00000006fb800000,0x00000006fcb86378,0x00000006fccc0000)
Event: 106.893 GC heap after
Heap after GC invocations=7 (full 0):
 PSYoungGen      total 266112K, used 1346K [0x00000007aae00000, 0x00000007cb6a0000, 0x0000000800000000)
  eden space 261568K, 0% used [0x00000007aae00000,0x00000007aae00000,0x00000007bad70000)
  from space 4544K, 29% used [0x00000007bad70000,0x00000007baec0a88,0x00000007bb1e0000)
  to   space 4992K, 0% used [0x00000007cb1c0000,0x00000007cb1c0000,0x00000007cb6a0000)
 ParOldGen       total 174336K, used 23341K [0x0000000700a00000, 0x000000070b440000, 0x00000007aae00000)
  object space 174336K, 13% used [0x0000000700a00000,0x00000007020cb488,0x000000070b440000)
 PSPermGen       total 21248K, used 19992K [0x00000006fb800000, 0x00000006fccc0000, 0x0000000700a00000)
  object space 21248K, 94% used [0x00000006fb800000,0x00000006fcb86378,0x00000006fccc0000)
}
Event: 120.168 GC heap before
{Heap before GC invocations=8 (full 0):
 PSYoungGen      total 266112K, used 262914K [0x00000007aae00000, 0x00000007cb6a0000, 0x0000000800000000)
  eden space 261568K, 100% used [0x00000007aae00000,0x00000007bad70000,0x00000007bad70000)
  from space 4544K, 29% used [0x00000007bad70000,0x00000007baec0a88,0x00000007bb1e0000)
  to   space 4992K, 0% used [0x00000007cb1c0000,0x00000007cb1c0000,0x00000007cb6a0000)
 ParOldGen       total 174336K, used 23341K [0x0000000700a00000, 0x000000070b440000, 0x00000007aae00000)
  object space 174336K, 13% used [0x0000000700a00000,0x00000007020cb488,0x000000070b440000)
 PSPermGen       total 21248K, used 20770K [0x00000006fb800000, 0x00000006fccc0000, 0x0000000700a00000)
  object space 21248K, 97% used [0x00000006fb800000,0x00000006fcc48860,0x00000006fccc0000)
Event: 120.172 GC heap after
Heap after GC invocations=8 (full 0):
 PSYoungGen      total 527808K, used 4565K [0x00000007aae00000, 0x00000007cb740000, 0x0000000800000000)
  eden space 522816K, 0% used [0x00000007aae00000,0x00000007aae00000,0x00000007cac90000)
  from space 4992K, 91% used [0x00000007cb1c0000,0x00000007cb6354f0,0x00000007cb6a0000)
  to   space 5312K, 0% used [0x00000007cac90000,0x00000007cac90000,0x00000007cb1c0000)
 ParOldGen       total 174336K, used 25467K [0x0000000700a00000, 0x000000070b440000, 0x00000007aae00000)
  object space 174336K, 14% used [0x0000000700a00000,0x00000007022deed8,0x000000070b440000)
 PSPermGen       total 21248K, used 20770K [0x00000006fb800000, 0x00000006fccc0000, 0x0000000700a00000)
  object space 21248K, 97% used [0x00000006fb800000,0x00000006fcc48860,0x00000006fccc0000)
}
Event: 324.287 GC heap before
{Heap before GC invocations=9 (full 0):
 PSYoungGen      total 527808K, used 527381K [0x00000007aae00000, 0x00000007cb740000, 0x0000000800000000)
  eden space 522816K, 100% used [0x00000007aae00000,0x00000007cac90000,0x00000007cac90000)
  from space 4992K, 91% used [0x00000007cb1c0000,0x00000007cb6354f0,0x00000007cb6a0000)
  to   space 5312K, 0% used [0x00000007cac90000,0x00000007cac90000,0x00000007cb1c0000)
 ParOldGen       total 174336K, used 25467K [0x0000000700a00000, 0x000000070b440000, 0x00000007aae00000)
  object space 174336K, 14% used [0x0000000700a00000,0x00000007022deed8,0x000000070b440000)
 PSPermGen       total 21248K, used 21135K [0x00000006fb800000, 0x00000006fccc0000, 0x0000000700a00000)
  object space 21248K, 99% used [0x00000006fb800000,0x00000006fcca3c50,0x00000006fccc0000)
Event: 324.290 GC heap after
Heap after GC invocations=9 (full 0):
 PSYoungGen      total 528128K, used 1494K [0x00000007aae00000, 0x00000007de9b0000, 0x0000000800000000)
  eden space 522816K, 0% used [0x00000007aae00000,0x00000007aae00000,0x00000007cac90000)
  from space 5312K, 28% used [0x00000007cac90000,0x00000007cae05b78,0x00000007cb1c0000)
  to   space 5504K, 0% used [0x00000007de450000,0x00000007de450000,0x00000007de9b0000)
 ParOldGen       total 174336K, used 25865K [0x0000000700a00000, 0x000000070b440000, 0x00000007aae00000)
  object space 174336K, 14% used [0x0000000700a00000,0x00000007023427b0,0x000000070b440000)
 PSPermGen       total 21248K, used 21135K [0x00000006fb800000, 0x00000006fccc0000, 0x0000000700a00000)
  object space 21248K, 99% used [0x00000006fb800000,0x00000006fcca3c50,0x00000006fccc0000)
}
Event: 687.088 GC heap before
{Heap before GC invocations=10 (full 0):
 PSYoungGen      total 528128K, used 524310K [0x00000007aae00000, 0x00000007de9b0000, 0x0000000800000000)
  eden space 522816K, 100% used [0x00000007aae00000,0x00000007cac90000,0x00000007cac90000)
  from space 5312K, 28% used [0x00000007cac90000,0x00000007cae05b78,0x00000007cb1c0000)
  to   space 5504K, 0% used [0x00000007de450000,0x00000007de450000,0x00000007de9b0000)
 ParOldGen       total 174336K, used 25865K [0x0000000700a00000, 0x000000070b440000, 0x00000007aae00000)
  object space 174336K, 14% used [0x0000000700a00000,0x00000007023427b0,0x000000070b440000)
 PSPermGen       total 21824K, used 21657K [0x00000006fb800000, 0x00000006fcd50000, 0x0000000700a00000)
  object space 21824K, 99% used [0x00000006fb800000,0x00000006fcd26668,0x00000006fcd50000)
Event: 687.098 GC heap after
Heap after GC invocations=10 (full 0):
 PSYoungGen      total 834880K, used 5503K [0x00000007aae00000, 0x00000007df7b0000, 0x0000000800000000)
  eden space 829376K, 0% used [0x00000007aae00000,0x00000007aae00000,0x00000007dd7f0000)
  from space 5504K, 99% used [0x00000007de450000,0x00000007de9afc70,0x00000007de9b0000)
  to   space 12672K, 0% used [0x00000007dd7f0000,0x00000007dd7f0000,0x00000007de450000)
 ParOldGen       total 174336K, used 43754K [0x0000000700a00000, 0x000000070b440000, 0x00000007aae00000)
  object space 174336K, 25% used [0x0000000700a00000,0x00000007034bab50,0x000000070b440000)
 PSPermGen       total 21824K, used 21657K [0x00000006fb800000, 0x00000006fcd50000, 0x0000000700a00000)
  object space 21824K, 99% used [0x00000006fb800000,0x00000006fcd26668,0x00000006fcd50000)
}

Deoptimization events (10 events):
Event: 854.114 Thread 0x000000001381e000 Uncommon trap -34 fr.pc 0x0000000002740cf8
Event: 854.114 Thread 0x000000001381e000 Uncommon trap -34 fr.pc 0x0000000002740cf8
Event: 854.173 Thread 0x000000001381e000 Uncommon trap -83 fr.pc 0x000000000272bfb0
Event: 854.490 Thread 0x000000001381e000 Uncommon trap -83 fr.pc 0x00000000027a9a40
Event: 861.321 Thread 0x000000001381e000 Uncommon trap -83 fr.pc 0x000000000276d6d4
Event: 872.876 Thread 0x000000001381e000 Uncommon trap -83 fr.pc 0x0000000002679104
Event: 887.120 Thread 0x000000001381e000 Uncommon trap -34 fr.pc 0x00000000026feb3c
Event: 887.280 Thread 0x000000001381e000 Uncommon trap -34 fr.pc 0x00000000026feb3c
Event: 887.408 Thread 0x000000001381e000 Uncommon trap -34 fr.pc 0x00000000026feb3c
Event: 889.296 Thread 0x000000001381e000 Uncommon trap -34 fr.pc 0x00000000026feb3c

Internal exceptions (10 events):
Event: 908.736 Thread 0x000000001381e000 Threw 0x00000007b47f9f28 at C:\jdk7u1_64p\jdk7u9\hotspot\src\share\vm\prims\jvm.cpp:1170
Event: 910.888 Thread 0x000000001381e000 Threw 0x00000007b482a228 at C:\jdk7u1_64p\jdk7u9\hotspot\src\share\vm\interpreter\interpreterRuntime.cpp:347
Event: 910.888 Thread 0x000000001381e000 Threw 0x00000007b482a228 at C:\jdk7u1_64p\jdk7u9\hotspot\src\share\vm\prims\jvm.cpp:1170
Event: 910.888 Thread 0x000000001381e000 Threw 0x00000007b482a228 at C:\jdk7u1_64p\jdk7u9\hotspot\src\share\vm\prims\jvm.cpp:1170
Event: 921.496 Thread 0x000000001381e000 Threw 0x00000007b4911780 at C:\jdk7u1_64p\jdk7u9\hotspot\src\share\vm\interpreter\interpreterRuntime.cpp:347
Event: 921.496 Thread 0x000000001381e000 Threw 0x00000007b4911780 at C:\jdk7u1_64p\jdk7u9\hotspot\src\share\vm\prims\jvm.cpp:1170
Event: 921.496 Thread 0x000000001381e000 Threw 0x00000007b4911780 at C:\jdk7u1_64p\jdk7u9\hotspot\src\share\vm\prims\jvm.cpp:1170
Event: 941.856 Thread 0x000000001381e000 Threw 0x00000007b4964950 at C:\jdk7u1_64p\jdk7u9\hotspot\src\share\vm\interpreter\interpreterRuntime.cpp:347
Event: 941.857 Thread 0x000000001381e000 Threw 0x00000007b4964950 at C:\jdk7u1_64p\jdk7u9\hotspot\src\share\vm\prims\jvm.cpp:1170
Event: 941.857 Thread 0x000000001381e000 Threw 0x00000007b4964950 at C:\jdk7u1_64p\jdk7u9\hotspot\src\share\vm\prims\jvm.cpp:1170

Events (10 events):
Event: 2060.697 Executing VM operation: GetOrSetLocal
Event: 2060.697 Executing VM operation: GetOrSetLocal done
Event: 2060.697 Executing VM operation: GetOrSetLocal
Event: 2060.697 Executing VM operation: GetOrSetLocal done
Event: 2060.697 Executing VM operation: GetOrSetLocal
Event: 2060.698 Executing VM operation: GetOrSetLocal done
Event: 2060.698 Executing VM operation: GetOrSetLocal
Event: 2060.698 Executing VM operation: GetOrSetLocal done
Event: 2123.349 Executing VM operation: RedefineClasses
Event: 2123.353 Executing VM operation: RedefineClasses done


Dynamic libraries:
0x000000013f350000 - 0x000000013f384000 	C:\Program Files\Java\jre7\bin\javaw.exe
0x0000000076ef0000 - 0x0000000077099000 	C:\Windows\SYSTEM32\ntdll.dll
0x00000000769f0000 - 0x0000000076b0f000 	C:\Windows\system32\kernel32.dll
0x000007fefd480000 - 0x000007fefd4ec000 	C:\Windows\system32\KERNELBASE.dll
0x000007feff120000 - 0x000007feff1fb000 	C:\Windows\system32\ADVAPI32.dll
0x000007fefed20000 - 0x000007fefedbf000 	C:\Windows\system32\msvcrt.dll
0x000007fefed00000 - 0x000007fefed1f000 	C:\Windows\SYSTEM32\sechost.dll
0x000007fefe9f0000 - 0x000007fefeb1d000 	C:\Windows\system32\RPCRT4.dll
0x00000000768f0000 - 0x00000000769ea000 	C:\Windows\system32\USER32.dll
0x000007fefebb0000 - 0x000007fefec17000 	C:\Windows\system32\GDI32.dll
0x000007fefeba0000 - 0x000007fefebae000 	C:\Windows\system32\LPK.dll
0x000007fefe770000 - 0x000007fefe839000 	C:\Windows\system32\USP10.dll
0x000007fefbcb0000 - 0x000007fefbea4000 	C:\Windows\WinSxS\amd64_microsoft.windows.common-controls_6595b64144ccf1df_6.0.7601.17514_none_fa396087175ac9ac\COMCTL32.dll
0x000007fefeb20000 - 0x000007fefeb91000 	C:\Windows\system32\SHLWAPI.dll
0x000007fefd7a0000 - 0x000007fefd7ce000 	C:\Windows\system32\IMM32.DLL
0x000007fefe840000 - 0x000007fefe949000 	C:\Windows\system32\MSCTF.dll
0x000000006d100000 - 0x000000006d1d1000 	C:\Program Files\Java\jre7\bin\msvcr100.dll
0x0000000050a70000 - 0x000000005118f000 	C:\Program Files\Java\jre7\bin\server\jvm.dll
0x000007fefc880000 - 0x000007fefc889000 	C:\Windows\system32\WSOCK32.dll
0x000007fefec30000 - 0x000007fefec7d000 	C:\Windows\system32\WS2_32.dll
0x000007fefec20000 - 0x000007fefec28000 	C:\Windows\system32\NSI.dll
0x000007fefb400000 - 0x000007fefb43b000 	C:\Windows\system32\WINMM.dll
0x00000000770b0000 - 0x00000000770b7000 	C:\Windows\system32\PSAPI.DLL
0x0000000070b10000 - 0x0000000070b1f000 	C:\Program Files\Java\jre7\bin\verify.dll
0x0000000070790000 - 0x00000000707b8000 	C:\Program Files\Java\jre7\bin\java.dll
0x0000000070b60000 - 0x0000000070b95000 	C:\Program Files\Java\jre7\bin\jdwp.dll
0x0000000070cc0000 - 0x0000000070cc8000 	C:\Program Files\Java\jre7\bin\npt.dll
0x0000000070af0000 - 0x0000000070b05000 	C:\Program Files\Java\jre7\bin\zip.dll
0x0000000070ec0000 - 0x0000000070ec9000 	C:\Program Files\Java\jre7\bin\dt_socket.dll
0x000007fefb5e0000 - 0x000007fefb5f5000 	C:\Windows\system32\NLAapi.dll
0x000007fef9ae0000 - 0x000007fef9af5000 	C:\Windows\system32\napinsp.dll
0x000007fef9aa0000 - 0x000007fef9ab9000 	C:\Windows\system32\pnrpnsp.dll
0x000007fefcc00000 - 0x000007fefcc55000 	C:\Windows\System32\mswsock.dll
0x000007fefca80000 - 0x000007fefcadb000 	C:\Windows\system32\DNSAPI.dll
0x000007fef9ad0000 - 0x000007fef9adb000 	C:\Windows\System32\winrnr.dll
0x0000000072f20000 - 0x0000000072f55000 	C:\Program Files\Bonjour\mdnsNSP.dll
0x000007fefa710000 - 0x000007fefa737000 	C:\Windows\system32\Iphlpapi.DLL
0x000007fefa6f0000 - 0x000007fefa6fb000 	C:\Windows\system32\WINNSI.DLL
0x000007fefa5f0000 - 0x000007fefa643000 	C:\Windows\System32\fwpuclnt.dll
0x000007fef9b50000 - 0x000007fef9b58000 	C:\Windows\system32\rasadhlp.dll
0x000007fefc490000 - 0x000007fefc497000 	C:\Windows\System32\wshtcpip.dll
0x000000006a3c0000 - 0x000000006a553000 	C:\Program Files\Java\jre7\bin\awt.dll
0x000007fefefa0000 - 0x000007feff077000 	C:\Windows\system32\OLEAUT32.dll
0x000007fefe560000 - 0x000007fefe763000 	C:\Windows\system32\ole32.dll
0x000007fefbc50000 - 0x000007fefbca6000 	C:\Windows\system32\uxtheme.dll
0x000007fefb440000 - 0x000007fefb458000 	C:\Windows\system32\dwmapi.dll
0x000007fefd300000 - 0x000007fefd30f000 	C:\Windows\system32\CRYPTBASE.dll
0x000007fefd7d0000 - 0x000007fefe558000 	C:\Windows\system32\SHELL32.dll
0x0000000070760000 - 0x0000000070784000 	C:\Program Files\Java\jre7\bin\sunec.dll
0x0000000070a00000 - 0x0000000070a19000 	C:\Program Files\Java\jre7\bin\net.dll
0x000007fefcbf0000 - 0x000007fefcbf7000 	C:\Windows\System32\wship6.dll
0x0000000070b20000 - 0x0000000070b54000 	C:\Program Files\Java\jre7\bin\fontmanager.dll
0x00000000707e0000 - 0x00000000707f1000 	C:\Program Files\Java\jre7\bin\nio.dll
0x000007fef9600000 - 0x000007fef96a0000 	C:\Windows\WinSxS\amd64_microsoft.windows.common-controls_6595b64144ccf1df_5.82.7601.17514_none_a4d6a923711520a9\comctl32.dll
0x000007fefedc0000 - 0x000007fefef97000 	C:\Windows\system32\SETUPAPI.dll
0x000007fefd760000 - 0x000007fefd796000 	C:\Windows\system32\CFGMGR32.dll
0x000007fefd700000 - 0x000007fefd71a000 	C:\Windows\system32\DEVOBJ.dll
0x000007feff080000 - 0x000007feff119000 	C:\Windows\system32\CLBCatQ.DLL
0x000007fefb7d0000 - 0x000007fefb8fc000 	C:\Windows\system32\propsys.dll
0x000007fefc340000 - 0x000007fefc36d000 	C:\Windows\system32\ntmarta.dll
0x000007fefec80000 - 0x000007fefecd2000 	C:\Windows\system32\WLDAP32.dll
0x000007fefd2a0000 - 0x000007fefd2f7000 	C:\Windows\system32\apphelp.dll
0x000007fefac90000 - 0x000007fefae2c000 	C:\Windows\system32\NetworkExplorer.dll
0x000007fef66d0000 - 0x000007fef6704000 	C:\Windows\System32\shdocvw.dll
0x000007fefd3d0000 - 0x000007fefd3df000 	C:\Windows\system32\profapi.dll
0x000007fefb460000 - 0x000007fefb46b000 	C:\Windows\system32\slc.dll
0x000007fefb030000 - 0x000007fefb15a000 	C:\Windows\system32\WindowsCodecs.dll
0x000007fef6c80000 - 0x000007fef6cbf000 	C:\Users\berthome\AppData\Local\Microsoft\SkyDrive\17.0.2003.1112_1\amd64\SkyDriveShell64.dll
0x000007fef67e0000 - 0x000007fef6887000 	C:\Users\berthome\AppData\Local\Microsoft\SkyDrive\17.0.2003.1112_1\amd64\MSVCP110.dll
0x000007fef6710000 - 0x000007fef67de000 	C:\Users\berthome\AppData\Local\Microsoft\SkyDrive\17.0.2003.1112_1\amd64\MSVCR110.dll
0x000007fefc370000 - 0x000007fefc37c000 	C:\Windows\system32\VERSION.dll
0x0000000076790000 - 0x00000000768eb000 	C:\Windows\system32\WININET.dll
0x00000000770c0000 - 0x00000000770c3000 	C:\Windows\system32\Normaliz.dll
0x0000000076b90000 - 0x0000000076da0000 	C:\Windows\system32\iertutil.dll
0x0000000076da0000 - 0x0000000076eed000 	C:\Windows\system32\urlmon.dll
0x000007fef73a0000 - 0x000007fef73ca000 	C:\Users\berthome\AppData\Roaming\Dropbox\bin\DropboxExt64.17.dll
0x000007fef8310000 - 0x000007fef8435000 	C:\Windows\system32\dbghelp.dll
0x0000000072fa0000 - 0x0000000073073000 	C:\Windows\WinSxS\amd64_microsoft.vc90.crt_1fc8b3b9a1e18e3b_9.0.30729.6161_none_08e61857a83bc251\MSVCP90.dll
0x0000000073080000 - 0x0000000073123000 	C:\Windows\WinSxS\amd64_microsoft.vc90.crt_1fc8b3b9a1e18e3b_9.0.30729.6161_none_08e61857a83bc251\MSVCR90.dll
0x000007fef9c70000 - 0x000007fef9c79000 	C:\Windows\system32\msiltcfg.dll
0x000007fef9c80000 - 0x000007fef9f96000 	C:\Windows\system32\msi.dll
0x0000000072f60000 - 0x0000000072f63000 	C:\Windows\system32\SFC.DLL
0x000007fef9b60000 - 0x000007fef9b70000 	C:\Windows\system32\sfc_os.DLL
0x0000000180000000 - 0x0000000180026000 	C:\Program Files\Dell\Dell Data Protection\Access\Advanced\Wave\Trusted Drive Manager\TdmIconOverlay.dll
0x0000000072f70000 - 0x0000000072f9f000 	C:\Windows\WinSxS\amd64_microsoft.vc90.atl_1fc8b3b9a1e18e3b_9.0.30729.6161_none_0a1fd3a3a768b895\ATL90.DLL
0x000007fef6b10000 - 0x000007fef6b45000 	C:\Windows\system32\EhStorShell.dll
0x000007fef6430000 - 0x000007fef64eb000 	C:\Program Files (x86)\Google\Drive\googledrivesync64.dll
0x000007feee9f0000 - 0x000007feeebef000 	C:\Windows\system32\d3d9.dll
0x000007fefb240000 - 0x000007fefb247000 	C:\Windows\system32\d3d8thk.dll
0x0000000071600000 - 0x00000000716c8000 	C:\Windows\system32\aticfx64.dll
0x000007fef7af0000 - 0x000007fef7afd000 	C:\Windows\system32\atiu9p64.dll
0x0000000017790000 - 0x0000000017cca000 	C:\Windows\system32\atiumd64.dll
0x0000000017dd0000 - 0x0000000018100000 	C:\Windows\system32\atiumd6a.dll
0x000000006e570000 - 0x000000006e5b1000 	C:\Program Files\Java\jre7\bin\t2k.dll
0x000007fef96a0000 - 0x000007fef96b8000 	C:\Windows\system32\MPR.dll
0x000007fef7350000 - 0x000007fef735a000 	C:\Windows\System32\drprov.dll
0x000007fefcdb0000 - 0x000007fefcded000 	C:\Windows\System32\WINSTA.dll
0x000007fef7240000 - 0x000007fef7262000 	C:\Windows\System32\ntlanman.dll
0x000007fef7220000 - 0x000007fef723c000 	C:\Windows\System32\davclnt.dll
0x000007fef7340000 - 0x000007fef734a000 	C:\Windows\System32\DAVHLPR.dll
0x000007fefc830000 - 0x000007fefc845000 	C:\Windows\system32\wkscli.dll
0x000007fef88b0000 - 0x000007fef88bf000 	C:\Windows\system32\cscapi.dll
0x000007fefc850000 - 0x000007fefc85c000 	C:\Windows\system32\netutils.dll
0x000007fee3ec0000 - 0x000007fee4131000 	C:\Windows\system32\wpdshext.dll
0x000007fefba30000 - 0x000007fefbc46000 	C:\Windows\WinSxS\amd64_microsoft.windows.gdiplus_6595b64144ccf1df_1.1.7601.17825_none_2b253c8271ec7765\gdiplus.dll
0x000007fef75a0000 - 0x000007fef765d000 	C:\Windows\system32\PortableDeviceApi.dll
0x000007fefd720000 - 0x000007fefd759000 	C:\Windows\system32\WINTRUST.dll
0x000007fefd590000 - 0x000007fefd6fa000 	C:\Windows\system32\CRYPT32.dll
0x000007fefd470000 - 0x000007fefd47f000 	C:\Windows\system32\MSASN1.dll
0x000007fee8560000 - 0x000007fee8587000 	C:\Windows\system32\EhStorAPI.dll
0x000007fef7360000 - 0x000007fef736c000 	C:\Windows\system32\LINKINFO.dll
0x000007fef4230000 - 0x000007fef4ca1000 	C:\Windows\System32\ieframe.dll
0x000007fefb2e0000 - 0x000007fefb334000 	C:\Windows\System32\OLEACC.dll
0x000007fee8230000 - 0x000007fee8288000 	C:\Windows\system32\msieftp.dll
0x000007fefd0a0000 - 0x000007fefd0ab000 	C:\Windows\system32\Secur32.dll
0x000007fefd270000 - 0x000007fefd295000 	C:\Windows\system32\SSPICLI.DLL

VM Arguments:
jvm_args: -agentlib:jdwp=transport=dt_socket,suspend=y,address=localhost:52223 -Dfile.encoding=Cp1252 
java_command: com.rienafairefr.moddedSaveConverter.ConverterMain
Launcher Type: SUN_STANDARD

Environment Variables:
JAVA_HOME=C:\Program Files\Java\jdk1.7.0_09
CLASSPATH=.;C:\Program Files (x86)\Java\jre7\lib\ext\QTJava.zip
PATH=C:\Program Files (x86)\AMD APP\bin\x86_64;C:\Program Files (x86)\AMD APP\bin\x86;C:\Windows\system32;C:\Windows;C:\Windows\System32\Wbem;C:\Windows\System32\WindowsPowerShell\v1.0\;c:\Program Files (x86)\ATI Technologies\ATI.ACE\Core-Static;C:\Program Files (x86)\Intel\Services\IPT\;C:\Program Files (x86)\NTRU Cryptosystems\NTRU TCG Software Stack\bin\;C:\Program Files\NTRU Cryptosystems\NTRU TCG Software Stack\bin\;C:\Program Files\Dell\Dell Data Protection\Access\Advanced\Wave\Gemalto\Access Client\v5\;C:\Program Files\MATLAB\R2012b\runtime\win64;C:\Program Files\MATLAB\R2012b\bin;C:\Users\berthome\AppData\Local\Android\android-sdk\platform-tools;C:\Users\berthome\AppData\Local\Android\android-sdk\tools;C:\Python27;C:\Program Files\Microsoft Windows Performance Toolkit\;C:\Program Files (x86)\QuickTime\QTSystem\;C:\Program Files (x86)\MiKTeX 2.9\miktex\bin\;C:\Program Files (x86)\MiKTeX 2.9\miktex\bin;C:\Python27\Scripts;c:\Program Files (x86)\Microsoft SQL Server\100\Tools\Binn\;c:\Program Files\Microsoft SQL Server\100\Tools\Binn\;c:\Program Files\Microsoft SQL Server\100\DTS\Binn\;C:\Dwimperl\perl\bin;C:\Dwimperl\perl\site\bin;C:\Dwimperl\c\bin;C:\Users\berthome\Dropbox\Portable Software\apache-maven-3.0.4\bin;C:\Program Files (x86)\Mendeley Desktop\wordPlugin;C:\Users\berthome\AppData\Roaming\MiKTeX\2.9\miktex\bin\
USERNAME=berthome
OS=Windows_NT
PROCESSOR_IDENTIFIER=Intel64 Family 6 Model 42 Stepping 7, GenuineIntel



---------------  S Y S T E M  ---------------

OS: Windows 7 , 64 bit Build 7601 Service Pack 1

CPU:total 8 (4 cores per cpu, 2 threads per core) family 6 model 42 stepping 7, cmov, cx8, fxsr, mmx, sse, sse2, sse3, ssse3, sse4.1, sse4.2, popcnt, avx, ht, tsc, tscinvbit

Memory: 4k page, physical 16733080k(4471804k free), swap 33464304k(21174276k free)

vm_info: Java HotSpot(TM) 64-Bit Server VM (23.5-b02) for windows-amd64 JRE (1.7.0_09-b05), built on Sep 24 2012 21:45:04 by "java_re" with unknown MS VC++:1600

time: Tue Mar 05 11:56:06 2013
elapsed time: 2123 seconds

