2013-03-04 16:06:07 [INFO] Starting integrated minecraft server version 1.4.7
2013-03-04 16:06:07 [INFO] Generating keypair
2013-03-04 16:06:07 [INFO] Converting map!
2013-03-04 16:06:08 [INFO] Preparing start region for level 0
2013-03-04 16:06:09 [INFO] Preparing spawn area: 10%
2013-03-04 16:06:11 [INFO] Preparing spawn area: 13%
2013-03-04 16:06:12 [INFO] Preparing spawn area: 39%
2013-03-04 16:06:13 [INFO] Preparing spawn area: 63%
2013-03-04 16:06:14 [INFO] Preparing spawn area: 88%
2013-03-04 16:06:15 [INFO] Player[/127.0.0.1:0] logged in with entity id 193 at (247.5, 68.62000000476837, -157.5)
2013-03-04 16:07:26 [INFO] Starting integrated minecraft server version 1.4.7
2013-03-04 16:07:26 [INFO] Generating keypair
2013-03-04 16:07:27 [INFO] Preparing start region for level 0
2013-03-04 16:07:30 [INFO] Preparing spawn area: 13%
2013-03-04 16:07:31 [INFO] Preparing spawn area: 36%
2013-03-04 16:07:32 [INFO] Preparing spawn area: 59%
2013-03-04 16:07:33 [INFO] Preparing spawn area: 84%
2013-03-04 16:07:34 [INFO] Player[/127.0.0.1:0] logged in with entity id 193 at (247.5, 68.62000000476837, -157.5)
2013-03-04 16:08:59 [INFO] Starting integrated minecraft server version 1.4.7
2013-03-04 16:08:59 [INFO] Generating keypair
2013-03-04 16:09:00 [INFO] Preparing start region for level 0
2013-03-04 16:09:01 [INFO] Preparing spawn area: 11%
2013-03-04 16:09:03 [INFO] Preparing spawn area: 13%
2013-03-04 16:09:04 [INFO] Preparing spawn area: 41%
2013-03-04 16:09:05 [INFO] Preparing spawn area: 63%
2013-03-04 16:09:06 [INFO] Preparing spawn area: 89%
2013-03-04 16:09:06 [INFO] Player[/127.0.0.1:0] logged in with entity id 193 at (247.5, 68.62000000476837, -157.5)
2013-03-04 16:10:25 [INFO] Starting integrated minecraft server version 1.4.7
2013-03-04 16:10:25 [INFO] Generating keypair
2013-03-04 16:10:26 [INFO] Preparing start region for level 0
2013-03-04 16:10:29 [INFO] Preparing spawn area: 13%
2013-03-04 16:10:30 [INFO] Preparing spawn area: 41%
2013-03-04 16:10:31 [INFO] Preparing spawn area: 65%
2013-03-04 16:10:32 [INFO] Preparing spawn area: 91%
2013-03-04 16:10:33 [INFO] Player[/127.0.0.1:0] logged in with entity id 193 at (247.5, 68.62000000476837, -157.5)
2013-03-04 16:11:19 [INFO] Starting integrated minecraft server version 1.4.7
2013-03-04 16:11:19 [INFO] Generating keypair
2013-03-04 16:11:20 [INFO] Preparing start region for level 0
2013-03-04 16:11:21 [INFO] Preparing spawn area: 11%
2013-03-04 16:11:22 [INFO] Preparing spawn area: 13%
2013-03-04 16:11:23 [INFO] Preparing spawn area: 39%
2013-03-04 16:11:24 [INFO] Preparing spawn area: 64%
2013-03-04 16:11:25 [INFO] Preparing spawn area: 91%
2013-03-04 16:11:26 [INFO] Player[/127.0.0.1:0] logged in with entity id 193 at (247.5, 68.62000000476837, -157.5)
2013-03-04 16:12:23 [INFO] Starting integrated minecraft server version 1.4.7
2013-03-04 16:12:23 [INFO] Generating keypair
2013-03-04 16:12:24 [INFO] Preparing start region for level 0
2013-03-04 16:12:25 [INFO] Preparing spawn area: 11%
2013-03-04 16:12:27 [INFO] Preparing spawn area: 13%
2013-03-04 16:12:28 [INFO] Preparing spawn area: 39%
2013-03-04 16:12:29 [INFO] Preparing spawn area: 62%
2013-03-04 16:12:30 [INFO] Preparing spawn area: 86%
2013-03-04 16:12:31 [INFO] Player[/127.0.0.1:0] logged in with entity id 193 at (247.5, 68.62000000476837, -157.5)
2013-03-04 16:13:32 [INFO] Starting integrated minecraft server version 1.4.7
2013-03-04 16:13:32 [INFO] Generating keypair
2013-03-04 16:13:33 [INFO] Preparing start region for level 0
2013-03-04 16:13:34 [INFO] Preparing spawn area: 9%
2013-03-04 16:13:35 [INFO] Preparing spawn area: 51%
2013-03-04 16:13:36 [INFO] Preparing spawn area: 87%
2013-03-04 16:13:37 [INFO] Player[/127.0.0.1:0] logged in with entity id 228 at (2448.699999988079, 9.620000004768372, 325.69999998807907)
2013-03-05 23:19:03 [INFO] Starting integrated minecraft server version 1.4.7
2013-03-05 23:19:03 [INFO] Generating keypair
2013-03-05 23:19:05 [INFO] Preparing start region for level 0
2013-03-05 23:19:06 [INFO] Preparing spawn area: 32%
2013-03-05 23:19:07 [INFO] Preparing spawn area: 40%
2013-03-05 23:19:08 [INFO] Preparing spawn area: 43%
2013-03-05 23:19:10 [INFO] Preparing spawn area: 50%
2013-03-05 23:19:11 [INFO] Preparing spawn area: 58%
2013-03-05 23:19:12 [INFO] Preparing spawn area: 66%
2013-03-05 23:19:13 [INFO] Preparing spawn area: 75%
2013-03-05 23:19:14 [INFO] Preparing spawn area: 84%
2013-03-05 23:19:15 [INFO] Preparing spawn area: 94%
2013-03-05 23:19:17 [INFO] Player[/127.0.0.1:0] logged in with entity id 272 at (247.5, 68.62000000476837, -157.5)
2013-03-05 23:19:20 [WARNING] Can't keep up! Did the system time change, or is the server overloaded?
2013-03-23 15:52:53 [INFO] Starting integrated minecraft server version 1.4.7
2013-03-23 15:52:53 [INFO] Generating keypair
2013-03-23 15:52:56 [INFO] Preparing start region for level 0
2013-03-23 15:52:57 [INFO] Preparing spawn area: 37%
2013-03-23 15:52:58 [INFO] Preparing spawn area: 42%
2013-03-23 15:52:59 [INFO] Preparing spawn area: 49%
2013-03-23 15:53:01 [INFO] Preparing spawn area: 55%
2013-03-23 15:53:02 [INFO] Preparing spawn area: 66%
2013-03-23 15:53:03 [INFO] Preparing spawn area: 76%
2013-03-23 15:53:04 [INFO] Preparing spawn area: 90%
2013-03-23 15:53:05 [INFO] Player[/127.0.0.1:0] logged in with entity id 266 at (247.5, 68.62000000476837, -157.5)
2013-03-23 15:53:09 [WARNING] Can't keep up! Did the system time change, or is the server overloaded?
2013-03-23 16:55:21 [INFO] Starting integrated minecraft server version 1.4.7
2013-03-23 16:55:22 [INFO] Generating keypair
2013-03-23 16:55:24 [INFO] Preparing start region for level 0
2013-03-23 16:55:25 [INFO] Preparing spawn area: 34%
2013-03-23 16:55:26 [INFO] Preparing spawn area: 41%
2013-03-23 16:55:27 [INFO] Preparing spawn area: 47%
2013-03-23 16:55:28 [INFO] Preparing spawn area: 53%
2013-03-23 16:55:29 [INFO] Preparing spawn area: 62%
2013-03-23 16:55:30 [INFO] Preparing spawn area: 72%
2013-03-23 16:55:31 [INFO] Preparing spawn area: 84%
2013-03-23 16:55:32 [INFO] Preparing spawn area: 98%
2013-03-23 16:55:33 [INFO] Player[/127.0.0.1:0] logged in with entity id 271 at (247.5, 68.62000000476837, -157.5)
2013-03-23 16:55:37 [WARNING] Can't keep up! Did the system time change, or is the server overloaded?
